-------------------------------------------------------------------------------
Test set: Parallel01IT
-------------------------------------------------------------------------------
Tests run: 6, Failures: 0, Errors: 2, Skipped: 4, Time elapsed: 0.844 sec <<< FAILURE! - in Parallel01IT
Given I am on homepage(Scenario: add product to basket)  Time elapsed: 0.017 sec  <<< ERROR!
java.lang.NullPointerException

Scenario: add product to basket  Time elapsed: 0.018 sec  <<< ERROR!
java.lang.NullPointerException

